{
  "RSpec": {
    "coverage": {
      "/home/looping-post-0686/tic-tac-toe-rb-online-web-sp-000/lib/tic_tac_toe.rb": [
        null,
        null,
        null,
        1,
        null,
        null,
        null,
        null,
        null,
        null,
        null,
        null,
        null,
        null,
        1,
        5,
        5,
        5,
        5,
        5,
        null,
        null,
        null,
        1,
        35718,
        null,
        null,
        null,
        1,
        15,
        null,
        null,
        null,
        1,
        71614,
        null,
        null,
        null,
        1,
        71433,
        null,
        null,
        null,
        1,
        14,
        14,
        126,
        18,
        null,
        null,
        14,
        null,
        null,
        null,
        1,
        13,
        null,
        null,
        null,
        1,
        27,
        null,
        null,
        null,
        1,
        15,
        1,
        14,
        1,
        13,
        13,
        null,
        null,
        null,
        null,
        1,
        11,
        11,
        null,
        null,
        null,
        null,
        1,
        78,
        624,
        624,
        624,
        624,
        624,
        624,
        624,
        null,
        null,
        null,
        null,
        null,
        null,
        1,
        10,
        10,
        null,
        null,
        null,
        null,
        1,
        44414,
        44408,
        44408,
        35715,
        35715,
        35715,
        12,
        12,
        null,
        null,
        null,
        null,
        44396,
        null,
        null,
        null,
        1,
        12,
        4,
        null,
        8,
        8,
        1,
        0,
        0,
        null,
        null
      ]
    },
    "timestamp": 1582595720
  }
}
